<?xml version="1.0" encoding="UTF-8"?>
<!-- Generated by org.testng.reporters.JUnitXMLReporter -->
<testsuite ignored="0" hostname="KT" failures="0" tests="2" name="Error Validations Test" time="31.73" errors="0" timestamp="2024-07-15T00:26:29 MDT">
  <testcase classname="ktb.SeleniumFrameworkDesign.ErrorValidationsTest" name="LoginErrorValidation" time="1.408"/>
  <testcase classname="ktb.SeleniumFrameworkDesign.ErrorValidationsTest" name="ProductErrorValidation" time="15.344"/>
</testsuite> <!-- Error Validations Test -->
