<?xml version="1.0" encoding="UTF-8"?>
<!-- Generated by org.testng.reporters.JUnitXMLReporter -->
<testsuite ignored="0" hostname="KT" failures="0" tests="3" name="Submit Order Test" time="58.235" errors="0" timestamp="2024-07-15T00:26:55 MDT">
  <testcase classname="ktb.SeleniumFrameworkDesign.SubmitOrderTest" name="submitOrder" time="16.96"/>
  <testcase classname="ktb.SeleniumFrameworkDesign.SubmitOrderTest" name="submitOrder" time="15.547"/>
  <testcase classname="ktb.SeleniumFrameworkDesign.SubmitOrderTest" name="OrderHistory" time="1.2"/>
</testsuite> <!-- Submit Order Test -->
