<?xml version="1.0" encoding="UTF-8"?>
<!-- Generated by org.testng.reporters.JUnitXMLReporter -->
<testsuite ignored="0" hostname="KT" failures="0" tests="2" name="Error Validations Test" time="24.915" errors="0" timestamp="2024-07-15T00:34:47 MDT">
  <testcase classname="ktb.SeleniumFrameworkDesign.ErrorValidationsTest" name="LoginErrorValidation" time="5.486"/>
  <testcase classname="ktb.SeleniumFrameworkDesign.ErrorValidationsTest" name="ProductErrorValidation" time="3.501"/>
</testsuite> <!-- Error Validations Test -->
