<?xml version="1.0" encoding="UTF-8"?>
<!-- Generated by org.testng.reporters.JUnitXMLReporter -->
<testsuite ignored="0" hostname="KT" failures="0" tests="3" name="Submit Order Test" time="47.075" errors="0" timestamp="2024-07-15T00:35:09 MDT">
  <testcase classname="ktb.SeleniumFrameworkDesign.SubmitOrderTest" name="submitOrder" time="17.293"/>
  <testcase classname="ktb.SeleniumFrameworkDesign.SubmitOrderTest" name="submitOrder" time="4.153"/>
  <testcase classname="ktb.SeleniumFrameworkDesign.SubmitOrderTest" name="OrderHistory" time="1.119"/>
</testsuite> <!-- Submit Order Test -->
